<?xml version="1.0" encoding="UTF-8"?>
<!-- Generated by org.testng.reporters.JUnitReportReporter -->
<testsuite hostname="LAPTOP-QGETMHA4" failures="0" tests="1" name="com.psf.tests.HomePageTest" time="5.059" errors="0" timestamp="2024-03-20T21:33:27 JST" skipped="0">
  <testcase classname="com.psf.tests.HomePageTest" name="test3" time="5.059"/>
  <system-out/>
</testsuite> <!-- com.psf.tests.HomePageTest -->
