<?xml version="1.0" encoding="UTF-8"?>
<!-- Generated by org.testng.reporters.JUnitReportReporter -->
<testsuite hostname="LAPTOP-QGETMHA4" failures="0" tests="2" name="com.psf.tests.LoginPageTest" time="8.376" errors="0" timestamp="2024-03-20T21:33:27 JST" skipped="0">
  <testcase classname="com.psf.tests.LoginPageTest" name="test1" time="4.947"/>
  <system-out/>
  <testcase classname="com.psf.tests.LoginPageTest" name="test2" time="3.429"/>
  <system-out/>
</testsuite> <!-- com.psf.tests.LoginPageTest -->
