<?xml version="1.0" encoding="UTF-8"?>
<!-- Generated by org.testng.reporters.JUnitReportReporter -->
<testsuite hostname="LAPTOP-QGETMHA4" failures="0" tests="1" name="com.psf.api.tests.ApiTests" time="2.295" errors="0" timestamp="2024-03-21T20:56:07 JST" skipped="0">
  <testcase classname="com.psf.api.tests.ApiTests" name="test_1_post" time="2.295"/>
  <system-out/>
</testsuite> <!-- com.psf.api.tests.ApiTests -->
