<?xml version="1.0" encoding="UTF-8"?>
<!-- Generated by org.testng.reporters.JUnitReportReporter -->
<testsuite hostname="LAPTOP-QGETMHA4" failures="0" tests="2" name="com.psf.api.tests.ApiTest2" time="3.543" errors="0" timestamp="2024-03-21T21:50:40 JST" skipped="0">
  <testcase classname="com.psf.api.tests.ApiTest2" name="getSpecificUser" time="0.315"/>
  <system-out/>
  <testcase classname="com.psf.api.tests.ApiTest2" name="getListofUsers" time="3.228"/>
  <system-out/>
</testsuite> <!-- com.psf.api.tests.ApiTest2 -->
